2002.06.06 07:09 B c:\www.web3D.org\TaskGroups\x3d\translation\examples\Conformance\Miscellaneous\Script\javadoc\vrml\field\ConstMFColor.html --> ftp.web3d.org /disk2/webdev/TaskGroups/x3d/translation/examples/Conformance/Miscellaneous/Script/javadoc/vrml/field ConstMFColor.html
2002.06.06 07:09 B c:\www.web3D.org\TaskGroups\x3d\translation\examples\Conformance\Miscellaneous\Script\javadoc\vrml\field\ConstMFFloat.html --> ftp.web3d.org /disk2/webdev/TaskGroups/x3d/translation/examples/Conformance/Miscellaneous/Script/javadoc/vrml/field ConstMFFloat.html
2002.06.06 07:09 B c:\www.web3D.org\TaskGroups\x3d\translation\examples\Conformance\Miscellaneous\Script\javadoc\vrml\field\ConstMFInt32.html --> ftp.web3d.org /disk2/webdev/TaskGroups/x3d/translation/examples/Conformance/Miscellaneous/Script/javadoc/vrml/field ConstMFInt32.html
2002.06.06 07:09 B c:\www.web3D.org\TaskGroups\x3d\translation\examples\Conformance\Miscellaneous\Script\javadoc\vrml\field\ConstMFNode.html --> ftp.web3d.org /disk2/webdev/TaskGroups/x3d/translation/examples/Conformance/Miscellaneous/Script/javadoc/vrml/field ConstMFNode.html
2002.06.06 07:09 B c:\www.web3D.org\TaskGroups\x3d\translation\examples\Conformance\Miscellaneous\Script\javadoc\vrml\field\ConstMFRotation.html --> ftp.web3d.org /disk2/webdev/TaskGroups/x3d/translation/examples/Conformance/Miscellaneous/Script/javadoc/vrml/field ConstMFRotation.html
2002.06.06 07:09 B c:\www.web3D.org\TaskGroups\x3d\translation\examples\Conformance\Miscellaneous\Script\javadoc\vrml\field\ConstMFString.html --> ftp.web3d.org /disk2/webdev/TaskGroups/x3d/translation/examples/Conformance/Miscellaneous/Script/javadoc/vrml/field ConstMFString.html
2002.06.06 07:09 B c:\www.web3D.org\TaskGroups\x3d\translation\examples\Conformance\Miscellaneous\Script\javadoc\vrml\field\ConstMFTime.html --> ftp.web3d.org /disk2/webdev/TaskGroups/x3d/translation/examples/Conformance/Miscellaneous/Script/javadoc/vrml/field ConstMFTime.html
2002.06.06 07:09 B c:\www.web3D.org\TaskGroups\x3d\translation\examples\Conformance\Miscellaneous\Script\javadoc\vrml\field\ConstMFVec2f.html --> ftp.web3d.org /disk2/webdev/TaskGroups/x3d/translation/examples/Conformance/Miscellaneous/Script/javadoc/vrml/field ConstMFVec2f.html
2002.06.06 07:09 B c:\www.web3D.org\TaskGroups\x3d\translation\examples\Conformance\Miscellaneous\Script\javadoc\vrml\field\ConstMFVec3f.html --> ftp.web3d.org /disk2/webdev/TaskGroups/x3d/translation/examples/Conformance/Miscellaneous/Script/javadoc/vrml/field ConstMFVec3f.html
2002.06.06 07:09 B c:\www.web3D.org\TaskGroups\x3d\translation\examples\Conformance\Miscellaneous\Script\javadoc\vrml\field\ConstSFBool.html --> ftp.web3d.org /disk2/webdev/TaskGroups/x3d/translation/examples/Conformance/Miscellaneous/Script/javadoc/vrml/field ConstSFBool.html
2002.06.06 07:09 B c:\www.web3D.org\TaskGroups\x3d\translation\examples\Conformance\Miscellaneous\Script\javadoc\vrml\field\ConstSFColor.html --> ftp.web3d.org /disk2/webdev/TaskGroups/x3d/translation/examples/Conformance/Miscellaneous/Script/javadoc/vrml/field ConstSFColor.html
2002.06.06 07:09 B c:\www.web3D.org\TaskGroups\x3d\translation\examples\Conformance\Miscellaneous\Script\javadoc\vrml\field\ConstSFFloat.html --> ftp.web3d.org /disk2/webdev/TaskGroups/x3d/translation/examples/Conformance/Miscellaneous/Script/javadoc/vrml/field ConstSFFloat.html
2002.06.06 07:09 B c:\www.web3D.org\TaskGroups\x3d\translation\examples\Conformance\Miscellaneous\Script\javadoc\vrml\field\ConstSFImage.html --> ftp.web3d.org /disk2/webdev/TaskGroups/x3d/translation/examples/Conformance/Miscellaneous/Script/javadoc/vrml/field ConstSFImage.html
2002.06.06 07:09 B c:\www.web3D.org\TaskGroups\x3d\translation\examples\Conformance\Miscellaneous\Script\javadoc\vrml\field\ConstSFInt32.html --> ftp.web3d.org /disk2/webdev/TaskGroups/x3d/translation/examples/Conformance/Miscellaneous/Script/javadoc/vrml/field ConstSFInt32.html
2002.06.06 07:09 B c:\www.web3D.org\TaskGroups\x3d\translation\examples\Conformance\Miscellaneous\Script\javadoc\vrml\field\ConstSFNode.html --> ftp.web3d.org /disk2/webdev/TaskGroups/x3d/translation/examples/Conformance/Miscellaneous/Script/javadoc/vrml/field ConstSFNode.html
2002.06.06 07:09 B c:\www.web3D.org\TaskGroups\x3d\translation\examples\Conformance\Miscellaneous\Script\javadoc\vrml\field\ConstSFRotation.html --> ftp.web3d.org /disk2/webdev/TaskGroups/x3d/translation/examples/Conformance/Miscellaneous/Script/javadoc/vrml/field ConstSFRotation.html
2002.06.06 07:09 B c:\www.web3D.org\TaskGroups\x3d\translation\examples\Conformance\Miscellaneous\Script\javadoc\vrml\field\ConstSFString.html --> ftp.web3d.org /disk2/webdev/TaskGroups/x3d/translation/examples/Conformance/Miscellaneous/Script/javadoc/vrml/field ConstSFString.html
2002.06.06 07:09 B c:\www.web3D.org\TaskGroups\x3d\translation\examples\Conformance\Miscellaneous\Script\javadoc\vrml\field\ConstSFTime.html --> ftp.web3d.org /disk2/webdev/TaskGroups/x3d/translation/examples/Conformance/Miscellaneous/Script/javadoc/vrml/field ConstSFTime.html
2002.06.06 07:09 B c:\www.web3D.org\TaskGroups\x3d\translation\examples\Conformance\Miscellaneous\Script\javadoc\vrml\field\ConstSFVec2f.html --> ftp.web3d.org /disk2/webdev/TaskGroups/x3d/translation/examples/Conformance/Miscellaneous/Script/javadoc/vrml/field ConstSFVec2f.html
2002.06.06 07:09 B c:\www.web3D.org\TaskGroups\x3d\translation\examples\Conformance\Miscellaneous\Script\javadoc\vrml\field\ConstSFVec3f.html --> ftp.web3d.org /disk2/webdev/TaskGroups/x3d/translation/examples/Conformance/Miscellaneous/Script/javadoc/vrml/field ConstSFVec3f.html
2002.06.06 07:09 B c:\www.web3D.org\TaskGroups\x3d\translation\examples\Conformance\Miscellaneous\Script\javadoc\vrml\field\MFColor.html --> ftp.web3d.org /disk2/webdev/TaskGroups/x3d/translation/examples/Conformance/Miscellaneous/Script/javadoc/vrml/field MFColor.html
2002.06.06 07:09 B c:\www.web3D.org\TaskGroups\x3d\translation\examples\Conformance\Miscellaneous\Script\javadoc\vrml\field\MFFloat.html --> ftp.web3d.org /disk2/webdev/TaskGroups/x3d/translation/examples/Conformance/Miscellaneous/Script/javadoc/vrml/field MFFloat.html
2002.06.06 07:09 B c:\www.web3D.org\TaskGroups\x3d\translation\examples\Conformance\Miscellaneous\Script\javadoc\vrml\field\MFInt32.html --> ftp.web3d.org /disk2/webdev/TaskGroups/x3d/translation/examples/Conformance/Miscellaneous/Script/javadoc/vrml/field MFInt32.html
2002.06.06 07:09 B c:\www.web3D.org\TaskGroups\x3d\translation\examples\Conformance\Miscellaneous\Script\javadoc\vrml\field\MFNode.html --> ftp.web3d.org /disk2/webdev/TaskGroups/x3d/translation/examples/Conformance/Miscellaneous/Script/javadoc/vrml/field MFNode.html
2002.06.06 07:10 B c:\www.web3D.org\TaskGroups\x3d\translation\examples\Conformance\Miscellaneous\Script\javadoc\vrml\field\MFRotation.html --> ftp.web3d.org /disk2/webdev/TaskGroups/x3d/translation/examples/Conformance/Miscellaneous/Script/javadoc/vrml/field MFRotation.html
2002.06.06 07:10 B c:\www.web3D.org\TaskGroups\x3d\translation\examples\Conformance\Miscellaneous\Script\javadoc\vrml\field\MFString.html --> ftp.web3d.org /disk2/webdev/TaskGroups/x3d/translation/examples/Conformance/Miscellaneous/Script/javadoc/vrml/field MFString.html
2002.06.06 07:10 B c:\www.web3D.org\TaskGroups\x3d\translation\examples\Conformance\Miscellaneous\Script\javadoc\vrml\field\MFTime.html --> ftp.web3d.org /disk2/webdev/TaskGroups/x3d/translation/examples/Conformance/Miscellaneous/Script/javadoc/vrml/field MFTime.html
2002.06.06 07:10 B c:\www.web3D.org\TaskGroups\x3d\translation\examples\Conformance\Miscellaneous\Script\javadoc\vrml\field\MFVec2f.html --> ftp.web3d.org /disk2/webdev/TaskGroups/x3d/translation/examples/Conformance/Miscellaneous/Script/javadoc/vrml/field MFVec2f.html
2002.06.06 07:10 B c:\www.web3D.org\TaskGroups\x3d\translation\examples\Conformance\Miscellaneous\Script\javadoc\vrml\field\MFVec3f.html --> ftp.web3d.org /disk2/webdev/TaskGroups/x3d/translation/examples/Conformance/Miscellaneous/Script/javadoc/vrml/field MFVec3f.html
2002.06.06 07:10 B c:\www.web3D.org\TaskGroups\x3d\translation\examples\Conformance\Miscellaneous\Script\javadoc\vrml\field\package-frame.html --> ftp.web3d.org /disk2/webdev/TaskGroups/x3d/translation/examples/Conformance/Miscellaneous/Script/javadoc/vrml/field package-frame.html
2002.06.06 07:10 B c:\www.web3D.org\TaskGroups\x3d\translation\examples\Conformance\Miscellaneous\Script\javadoc\vrml\field\package-summary.html --> ftp.web3d.org /disk2/webdev/TaskGroups/x3d/translation/examples/Conformance/Miscellaneous/Script/javadoc/vrml/field package-summary.html
2002.06.06 07:10 B c:\www.web3D.org\TaskGroups\x3d\translation\examples\Conformance\Miscellaneous\Script\javadoc\vrml\field\package-tree.html --> ftp.web3d.org /disk2/webdev/TaskGroups/x3d/translation/examples/Conformance/Miscellaneous/Script/javadoc/vrml/field package-tree.html
2002.06.06 07:10 B c:\www.web3D.org\TaskGroups\x3d\translation\examples\Conformance\Miscellaneous\Script\javadoc\vrml\field\SFBool.html --> ftp.web3d.org /disk2/webdev/TaskGroups/x3d/translation/examples/Conformance/Miscellaneous/Script/javadoc/vrml/field SFBool.html
2002.06.06 07:10 B c:\www.web3D.org\TaskGroups\x3d\translation\examples\Conformance\Miscellaneous\Script\javadoc\vrml\field\SFColor.html --> ftp.web3d.org /disk2/webdev/TaskGroups/x3d/translation/examples/Conformance/Miscellaneous/Script/javadoc/vrml/field SFColor.html
2002.06.06 07:10 B c:\www.web3D.org\TaskGroups\x3d\translation\examples\Conformance\Miscellaneous\Script\javadoc\vrml\field\SFFloat.html --> ftp.web3d.org /disk2/webdev/TaskGroups/x3d/translation/examples/Conformance/Miscellaneous/Script/javadoc/vrml/field SFFloat.html
2002.06.06 07:10 B c:\www.web3D.org\TaskGroups\x3d\translation\examples\Conformance\Miscellaneous\Script\javadoc\vrml\field\SFImage.html --> ftp.web3d.org /disk2/webdev/TaskGroups/x3d/translation/examples/Conformance/Miscellaneous/Script/javadoc/vrml/field SFImage.html
2002.06.06 07:10 B c:\www.web3D.org\TaskGroups\x3d\translation\examples\Conformance\Miscellaneous\Script\javadoc\vrml\field\SFInt32.html --> ftp.web3d.org /disk2/webdev/TaskGroups/x3d/translation/examples/Conformance/Miscellaneous/Script/javadoc/vrml/field SFInt32.html
2002.06.06 07:10 B c:\www.web3D.org\TaskGroups\x3d\translation\examples\Conformance\Miscellaneous\Script\javadoc\vrml\field\SFNode.html --> ftp.web3d.org /disk2/webdev/TaskGroups/x3d/translation/examples/Conformance/Miscellaneous/Script/javadoc/vrml/field SFNode.html
2002.06.06 07:10 B c:\www.web3D.org\TaskGroups\x3d\translation\examples\Conformance\Miscellaneous\Script\javadoc\vrml\field\SFRotation.html --> ftp.web3d.org /disk2/webdev/TaskGroups/x3d/translation/examples/Conformance/Miscellaneous/Script/javadoc/vrml/field SFRotation.html
2002.06.06 07:10 B c:\www.web3D.org\TaskGroups\x3d\translation\examples\Conformance\Miscellaneous\Script\javadoc\vrml\field\SFString.html --> ftp.web3d.org /disk2/webdev/TaskGroups/x3d/translation/examples/Conformance/Miscellaneous/Script/javadoc/vrml/field SFString.html
2002.06.06 07:10 B c:\www.web3D.org\TaskGroups\x3d\translation\examples\Conformance\Miscellaneous\Script\javadoc\vrml\field\SFTime.html --> ftp.web3d.org /disk2/webdev/TaskGroups/x3d/translation/examples/Conformance/Miscellaneous/Script/javadoc/vrml/field SFTime.html
2002.06.06 07:10 B c:\www.web3D.org\TaskGroups\x3d\translation\examples\Conformance\Miscellaneous\Script\javadoc\vrml\field\SFVec2f.html --> ftp.web3d.org /disk2/webdev/TaskGroups/x3d/translation/examples/Conformance/Miscellaneous/Script/javadoc/vrml/field SFVec2f.html
2002.06.06 07:10 B c:\www.web3D.org\TaskGroups\x3d\translation\examples\Conformance\Miscellaneous\Script\javadoc\vrml\field\SFVec3f.html --> ftp.web3d.org /disk2/webdev/TaskGroups/x3d/translation/examples/Conformance/Miscellaneous/Script/javadoc/vrml/field SFVec3f.html
